{
  "RSpec": {
    "coverage": {
      "/Users/andrewclarke/Projects/makers/week10/bank_tech_test/spec/account_spec.rb": [
        1,
        null,
        1,
        3,
        null,
        1,
        1,
        null,
        null,
        1,
        1,
        null,
        null
      ],
      "/Users/andrewclarke/Projects/makers/week10/bank_tech_test/lib/account.rb": [
        1,
        1,
        null,
        1,
        2,
        null,
        null
      ]
    },
    "timestamp": 1499709321
  }
}
